<?xml version="1.0" encoding="UTF-8"?>
<testng-results skipped="0" failed="0" total="1" passed="1">
  <reporter-output>
  </reporter-output>
  <suite name="Default suite" duration-ms="2572" started-at="2019-12-16T11:40:45Z" finished-at="2019-12-16T11:40:47Z">
    <groups>
    </groups>
    <test name="Default test" duration-ms="2572" started-at="2019-12-16T11:40:45Z" finished-at="2019-12-16T11:40:47Z">
      <class name="com.DocStudio.testcases.TC002_get_single_employee_data">
        <test-method status="PASS" signature="setup()[pri:0, instance:com.DocStudio.testcases.TC002_get_single_employee_data@b684286]" name="setup" is-config="true" duration-ms="96" started-at="2019-12-16T17:10:45Z" finished-at="2019-12-16T17:10:45Z">
          <reporter-output>
          </reporter-output>
        </test-method> <!-- setup -->
        <test-method status="PASS" signature="getAllEmployees()[pri:0, instance:com.DocStudio.testcases.TC002_get_single_employee_data@b684286]" name="getAllEmployees" is-config="true" duration-ms="2434" started-at="2019-12-16T17:10:45Z" finished-at="2019-12-16T17:10:47Z">
          <reporter-output>
          </reporter-output>
        </test-method> <!-- getAllEmployees -->
        <test-method status="PASS" signature="getEmployeeData()[pri:0, instance:com.DocStudio.testcases.TC002_get_single_employee_data@b684286]" name="getEmployeeData" duration-ms="26" started-at="2019-12-16T17:10:47Z" finished-at="2019-12-16T17:10:47Z">
          <reporter-output>
          </reporter-output>
        </test-method> <!-- getEmployeeData -->
        <test-method status="PASS" signature="tearDown()[pri:0, instance:com.DocStudio.testcases.TC002_get_single_employee_data@b684286]" name="tearDown" is-config="true" duration-ms="5" started-at="2019-12-16T17:10:47Z" finished-at="2019-12-16T17:10:47Z">
          <reporter-output>
          </reporter-output>
        </test-method> <!-- tearDown -->
      </class> <!-- com.DocStudio.testcases.TC002_get_single_employee_data -->
    </test> <!-- Default test -->
  </suite> <!-- Default suite -->
</testng-results>
